<?xml version="1.0" encoding="UTF-8"?>
<!-- Generated by org.testng.reporters.JUnitReportReporter -->
<testsuite skipped="0" hostname="rensi" name="MagentoTest" tests="1" failures="0" timestamp="22 Jan 2019 05:26:49 GMT" time="61.621" errors="0">
  <testcase name="magentoTest" time="61.621" classname="MagentoTest"/>
</testsuite> <!-- MagentoTest -->
